<?xml version="1.0" encoding="UTF-8"?>
<!-- Generated by org.testng.reporters.JUnitXMLReporter -->
<testsuite ignored="0" hostname="BGHMBCP0734" failures="1" tests="12" name="Test" time="130.289" errors="0" timestamp="19 Aug 2021 14:27:05 GMT">
  <testcase classname="com.testenv.test.AssignmentTask" name="test1" time="10.417"/>
  <testcase classname="com.testenv.test.AssignmentTask" name="test10" time="8.236"/>
  <testcase classname="com.testenv.test.AssignmentTask" name="test11" time="12.383"/>
  <testcase classname="com.testenv.test.AssignmentTask" name="test12" time="9.333">
    <failure type="java.lang.AssertionError" message="expected [false] but found [true]">
      <![CDATA[java.lang.AssertionError: expected [false] but found [true]
at com.testenv.test.AssignmentTask.test12(AssignmentTask.java:122)
... Removed 29 stack frames]]>
    </failure>
  </testcase> <!-- test12 -->
  <testcase classname="com.testenv.test.AssignmentTask" name="test2" time="11.532"/>
  <testcase classname="com.testenv.test.AssignmentTask" name="test3" time="7.624"/>
  <testcase classname="com.testenv.test.AssignmentTask" name="test4" time="12.495"/>
  <testcase classname="com.testenv.test.AssignmentTask" name="test5" time="13.698"/>
  <testcase classname="com.testenv.test.AssignmentTask" name="test6" time="11.584"/>
  <testcase classname="com.testenv.test.AssignmentTask" name="test7" time="7.62"/>
  <testcase classname="com.testenv.test.AssignmentTask" name="test8" time="8.596"/>
  <testcase classname="com.testenv.test.AssignmentTask" name="test9" time="7.535"/>
</testsuite> <!-- Test -->
