<?xml version="1.0" encoding="UTF-8"?>
<testng-results ignored="0" total="12" passed="11" failed="1" skipped="0">
  <reporter-output>
  </reporter-output>
  <suite started-at="2021-08-19T14:24:54Z" name="Suite" finished-at="2021-08-19T14:27:05Z" duration-ms="130289">
    <groups>
    </groups>
    <test started-at="2021-08-19T14:24:54Z" name="Test" finished-at="2021-08-19T14:27:05Z" duration-ms="130289">
      <class name="com.testenv.test.AssignmentTask">
        <test-method is-config="true" signature="startReport()[pri:0, instance:com.testenv.test.AssignmentTask@48d61b48]" started-at="2021-08-19T14:24:54Z" name="startReport" finished-at="2021-08-19T14:24:54Z" duration-ms="309" status="PASS">
          <reporter-output>
          </reporter-output>
        </test-method> <!-- startReport -->
        <test-method signature="test1()[pri:0, instance:com.testenv.test.AssignmentTask@48d61b48]" started-at="2021-08-19T14:24:54Z" name="test1" finished-at="2021-08-19T14:25:05Z" duration-ms="10417" status="PASS">
          <reporter-output>
          </reporter-output>
        </test-method> <!-- test1 -->
        <test-method is-config="true" signature="getResult(org.testng.ITestResult)[pri:0, instance:com.testenv.test.AssignmentTask@48d61b48]" started-at="2021-08-19T14:25:05Z" name="getResult" finished-at="2021-08-19T14:25:05Z" duration-ms="674" status="PASS">
          <params>
            <param index="0">
              <value>
                <![CDATA[[TestResult name=test1 status=SUCCESS method=AssignmentTask.test1()[pri:0, instance:com.testenv.test.AssignmentTask@48d61b48] output={null}]]]>
              </value>
            </param>
          </params>
          <reporter-output>
          </reporter-output>
        </test-method> <!-- getResult -->
        <test-method signature="test10()[pri:0, instance:com.testenv.test.AssignmentTask@48d61b48]" started-at="2021-08-19T14:25:05Z" name="test10" finished-at="2021-08-19T14:25:14Z" duration-ms="8236" status="PASS">
          <reporter-output>
          </reporter-output>
        </test-method> <!-- test10 -->
        <test-method is-config="true" signature="getResult(org.testng.ITestResult)[pri:0, instance:com.testenv.test.AssignmentTask@48d61b48]" started-at="2021-08-19T14:25:14Z" name="getResult" finished-at="2021-08-19T14:25:14Z" duration-ms="694" status="PASS">
          <params>
            <param index="0">
              <value>
                <![CDATA[[TestResult name=test10 status=SUCCESS method=AssignmentTask.test10()[pri:0, instance:com.testenv.test.AssignmentTask@48d61b48] output={null}]]]>
              </value>
            </param>
          </params>
          <reporter-output>
          </reporter-output>
        </test-method> <!-- getResult -->
        <test-method signature="test11()[pri:0, instance:com.testenv.test.AssignmentTask@48d61b48]" started-at="2021-08-19T14:25:14Z" name="test11" finished-at="2021-08-19T14:25:27Z" duration-ms="12383" status="PASS">
          <reporter-output>
          </reporter-output>
        </test-method> <!-- test11 -->
        <test-method is-config="true" signature="getResult(org.testng.ITestResult)[pri:0, instance:com.testenv.test.AssignmentTask@48d61b48]" started-at="2021-08-19T14:25:27Z" name="getResult" finished-at="2021-08-19T14:25:28Z" duration-ms="1175" status="PASS">
          <params>
            <param index="0">
              <value>
                <![CDATA[[TestResult name=test11 status=SUCCESS method=AssignmentTask.test11()[pri:0, instance:com.testenv.test.AssignmentTask@48d61b48] output={null}]]]>
              </value>
            </param>
          </params>
          <reporter-output>
          </reporter-output>
        </test-method> <!-- getResult -->
        <test-method signature="test12()[pri:0, instance:com.testenv.test.AssignmentTask@48d61b48]" started-at="2021-08-19T14:25:28Z" name="test12" finished-at="2021-08-19T14:25:37Z" duration-ms="9333" status="FAIL">
          <exception class="java.lang.AssertionError">
            <message>
              <![CDATA[expected [false] but found [true]]]>
            </message>
            <full-stacktrace>
              <![CDATA[java.lang.AssertionError: expected [false] but found [true]
at org.testng.Assert.fail(Assert.java:96)
at org.testng.Assert.failNotEquals(Assert.java:776)
at org.testng.Assert.assertFalse(Assert.java:65)
at org.testng.Assert.assertFalse(Assert.java:75)
at com.testenv.test.AssignmentTask.test12(AssignmentTask.java:122)
at java.base/jdk.internal.reflect.NativeMethodAccessorImpl.invoke0(Native Method)
at java.base/jdk.internal.reflect.NativeMethodAccessorImpl.invoke(NativeMethodAccessorImpl.java:64)
at java.base/jdk.internal.reflect.DelegatingMethodAccessorImpl.invoke(DelegatingMethodAccessorImpl.java:43)
at java.base/java.lang.reflect.Method.invoke(Method.java:564)
at org.testng.internal.MethodInvocationHelper.invokeMethod(MethodInvocationHelper.java:124)
at org.testng.internal.Invoker.invokeMethod(Invoker.java:583)
at org.testng.internal.Invoker.invokeTestMethod(Invoker.java:719)
at org.testng.internal.Invoker.invokeTestMethods(Invoker.java:989)
at org.testng.internal.TestMethodWorker.invokeTestMethods(TestMethodWorker.java:125)
at org.testng.internal.TestMethodWorker.run(TestMethodWorker.java:109)
at org.testng.TestRunner.privateRun(TestRunner.java:648)
at org.testng.TestRunner.run(TestRunner.java:505)
at org.testng.SuiteRunner.runTest(SuiteRunner.java:455)
at org.testng.SuiteRunner.runSequentially(SuiteRunner.java:450)
at org.testng.SuiteRunner.privateRun(SuiteRunner.java:415)
at org.testng.SuiteRunner.run(SuiteRunner.java:364)
at org.testng.SuiteRunnerWorker.runSuite(SuiteRunnerWorker.java:52)
at org.testng.SuiteRunnerWorker.run(SuiteRunnerWorker.java:84)
at org.testng.TestNG.runSuitesSequentially(TestNG.java:1208)
at org.testng.TestNG.runSuitesLocally(TestNG.java:1137)
at org.testng.TestNG.runSuites(TestNG.java:1049)
at org.testng.TestNG.run(TestNG.java:1017)
at org.testng.remote.AbstractRemoteTestNG.run(AbstractRemoteTestNG.java:115)
at org.testng.remote.RemoteTestNG.initAndRun(RemoteTestNG.java:251)
at org.testng.remote.RemoteTestNG.main(RemoteTestNG.java:77)
]]>
            </full-stacktrace>
          </exception> <!-- java.lang.AssertionError -->
          <reporter-output>
          </reporter-output>
        </test-method> <!-- test12 -->
        <test-method is-config="true" signature="getResult(org.testng.ITestResult)[pri:0, instance:com.testenv.test.AssignmentTask@48d61b48]" started-at="2021-08-19T14:25:37Z" name="getResult" finished-at="2021-08-19T14:25:38Z" duration-ms="693" status="PASS">
          <params>
            <param index="0">
              <value>
                <![CDATA[[TestResult name=test12 status=FAILURE method=AssignmentTask.test12()[pri:0, instance:com.testenv.test.AssignmentTask@48d61b48] output={null}]]]>
              </value>
            </param>
          </params>
          <reporter-output>
          </reporter-output>
        </test-method> <!-- getResult -->
        <test-method signature="test2()[pri:0, instance:com.testenv.test.AssignmentTask@48d61b48]" started-at="2021-08-19T14:25:38Z" name="test2" finished-at="2021-08-19T14:25:50Z" duration-ms="11532" status="PASS">
          <reporter-output>
          </reporter-output>
        </test-method> <!-- test2 -->
        <test-method is-config="true" signature="getResult(org.testng.ITestResult)[pri:0, instance:com.testenv.test.AssignmentTask@48d61b48]" started-at="2021-08-19T14:25:50Z" name="getResult" finished-at="2021-08-19T14:25:50Z" duration-ms="700" status="PASS">
          <params>
            <param index="0">
              <value>
                <![CDATA[[TestResult name=test2 status=SUCCESS method=AssignmentTask.test2()[pri:0, instance:com.testenv.test.AssignmentTask@48d61b48] output={null}]]]>
              </value>
            </param>
          </params>
          <reporter-output>
          </reporter-output>
        </test-method> <!-- getResult -->
        <test-method signature="test3()[pri:0, instance:com.testenv.test.AssignmentTask@48d61b48]" started-at="2021-08-19T14:25:50Z" name="test3" finished-at="2021-08-19T14:25:58Z" duration-ms="7624" status="PASS">
          <reporter-output>
          </reporter-output>
        </test-method> <!-- test3 -->
        <test-method is-config="true" signature="getResult(org.testng.ITestResult)[pri:0, instance:com.testenv.test.AssignmentTask@48d61b48]" started-at="2021-08-19T14:25:58Z" name="getResult" finished-at="2021-08-19T14:25:59Z" duration-ms="676" status="PASS">
          <params>
            <param index="0">
              <value>
                <![CDATA[[TestResult name=test3 status=SUCCESS method=AssignmentTask.test3()[pri:0, instance:com.testenv.test.AssignmentTask@48d61b48] output={null}]]]>
              </value>
            </param>
          </params>
          <reporter-output>
          </reporter-output>
        </test-method> <!-- getResult -->
        <test-method signature="test4()[pri:0, instance:com.testenv.test.AssignmentTask@48d61b48]" started-at="2021-08-19T14:25:59Z" name="test4" finished-at="2021-08-19T14:26:11Z" duration-ms="12495" status="PASS">
          <reporter-output>
          </reporter-output>
        </test-method> <!-- test4 -->
        <test-method is-config="true" signature="getResult(org.testng.ITestResult)[pri:0, instance:com.testenv.test.AssignmentTask@48d61b48]" started-at="2021-08-19T14:26:11Z" name="getResult" finished-at="2021-08-19T14:26:12Z" duration-ms="687" status="PASS">
          <params>
            <param index="0">
              <value>
                <![CDATA[[TestResult name=test4 status=SUCCESS method=AssignmentTask.test4()[pri:0, instance:com.testenv.test.AssignmentTask@48d61b48] output={null}]]]>
              </value>
            </param>
          </params>
          <reporter-output>
          </reporter-output>
        </test-method> <!-- getResult -->
        <test-method signature="test5()[pri:0, instance:com.testenv.test.AssignmentTask@48d61b48]" started-at="2021-08-19T14:26:12Z" name="test5" finished-at="2021-08-19T14:26:25Z" duration-ms="13698" status="PASS">
          <reporter-output>
          </reporter-output>
        </test-method> <!-- test5 -->
        <test-method is-config="true" signature="getResult(org.testng.ITestResult)[pri:0, instance:com.testenv.test.AssignmentTask@48d61b48]" started-at="2021-08-19T14:26:25Z" name="getResult" finished-at="2021-08-19T14:26:27Z" duration-ms="1143" status="PASS">
          <params>
            <param index="0">
              <value>
                <![CDATA[[TestResult name=test5 status=SUCCESS method=AssignmentTask.test5()[pri:0, instance:com.testenv.test.AssignmentTask@48d61b48] output={null}]]]>
              </value>
            </param>
          </params>
          <reporter-output>
          </reporter-output>
        </test-method> <!-- getResult -->
        <test-method signature="test6()[pri:0, instance:com.testenv.test.AssignmentTask@48d61b48]" started-at="2021-08-19T14:26:27Z" name="test6" finished-at="2021-08-19T14:26:38Z" duration-ms="11584" status="PASS">
          <reporter-output>
          </reporter-output>
        </test-method> <!-- test6 -->
        <test-method is-config="true" signature="getResult(org.testng.ITestResult)[pri:0, instance:com.testenv.test.AssignmentTask@48d61b48]" started-at="2021-08-19T14:26:38Z" name="getResult" finished-at="2021-08-19T14:26:39Z" duration-ms="711" status="PASS">
          <params>
            <param index="0">
              <value>
                <![CDATA[[TestResult name=test6 status=SUCCESS method=AssignmentTask.test6()[pri:0, instance:com.testenv.test.AssignmentTask@48d61b48] output={null}]]]>
              </value>
            </param>
          </params>
          <reporter-output>
          </reporter-output>
        </test-method> <!-- getResult -->
        <test-method signature="test7()[pri:0, instance:com.testenv.test.AssignmentTask@48d61b48]" started-at="2021-08-19T14:26:39Z" name="test7" finished-at="2021-08-19T14:26:46Z" duration-ms="7620" status="PASS">
          <reporter-output>
          </reporter-output>
        </test-method> <!-- test7 -->
        <test-method is-config="true" signature="getResult(org.testng.ITestResult)[pri:0, instance:com.testenv.test.AssignmentTask@48d61b48]" started-at="2021-08-19T14:26:46Z" name="getResult" finished-at="2021-08-19T14:26:47Z" duration-ms="680" status="PASS">
          <params>
            <param index="0">
              <value>
                <![CDATA[[TestResult name=test7 status=SUCCESS method=AssignmentTask.test7()[pri:0, instance:com.testenv.test.AssignmentTask@48d61b48] output={null}]]]>
              </value>
            </param>
          </params>
          <reporter-output>
          </reporter-output>
        </test-method> <!-- getResult -->
        <test-method signature="test8()[pri:0, instance:com.testenv.test.AssignmentTask@48d61b48]" started-at="2021-08-19T14:26:47Z" name="test8" finished-at="2021-08-19T14:26:56Z" duration-ms="8596" status="PASS">
          <reporter-output>
          </reporter-output>
        </test-method> <!-- test8 -->
        <test-method is-config="true" signature="getResult(org.testng.ITestResult)[pri:0, instance:com.testenv.test.AssignmentTask@48d61b48]" started-at="2021-08-19T14:26:56Z" name="getResult" finished-at="2021-08-19T14:26:56Z" duration-ms="694" status="PASS">
          <params>
            <param index="0">
              <value>
                <![CDATA[[TestResult name=test8 status=SUCCESS method=AssignmentTask.test8()[pri:0, instance:com.testenv.test.AssignmentTask@48d61b48] output={null}]]]>
              </value>
            </param>
          </params>
          <reporter-output>
          </reporter-output>
        </test-method> <!-- getResult -->
        <test-method signature="test9()[pri:0, instance:com.testenv.test.AssignmentTask@48d61b48]" started-at="2021-08-19T14:26:56Z" name="test9" finished-at="2021-08-19T14:27:04Z" duration-ms="7535" status="PASS">
          <reporter-output>
          </reporter-output>
        </test-method> <!-- test9 -->
        <test-method is-config="true" signature="getResult(org.testng.ITestResult)[pri:0, instance:com.testenv.test.AssignmentTask@48d61b48]" started-at="2021-08-19T14:27:04Z" name="getResult" finished-at="2021-08-19T14:27:05Z" duration-ms="663" status="PASS">
          <params>
            <param index="0">
              <value>
                <![CDATA[[TestResult name=test9 status=SUCCESS method=AssignmentTask.test9()[pri:0, instance:com.testenv.test.AssignmentTask@48d61b48] output={null}]]]>
              </value>
            </param>
          </params>
          <reporter-output>
          </reporter-output>
        </test-method> <!-- getResult -->
        <test-method is-config="true" signature="endReport()[pri:0, instance:com.testenv.test.AssignmentTask@48d61b48]" started-at="2021-08-19T14:27:05Z" name="endReport" finished-at="2021-08-19T14:27:05Z" duration-ms="250" status="PASS">
          <reporter-output>
          </reporter-output>
        </test-method> <!-- endReport -->
      </class> <!-- com.testenv.test.AssignmentTask -->
    </test> <!-- Test -->
  </suite> <!-- Suite -->
</testng-results>
